
ROM used:   4918/32768 (15%)
            4918/32768 (15%) including unused fragments

            0.7 Average locations per line
            4.6 Average locations per statement

RAM used:   420/2048 (21%) at main() level
            469/2048 (23%) worst case

Stack used: 18 worst case (9 in main + 9 for interrupts)
Stack size: 31

Lines Stmts  %   Files
----- ----- ---  -----
  102    53   5  PIC18F4550_CDC_USB1.c
  837     0   0  ..\..\..\..\..\Program Files (x86)\PICC\Devices\18F4550.h
  839   138  13  usb_cdc.h
  228     0   0  ..\..\..\..\..\Program Files (x86)\PICC\Drivers\pic18_usb.h
  328     0   0  ..\..\..\..\..\Program Files (x86)\PICC\Drivers\usb_hw_layer.h
  303     0   0  ..\..\..\..\..\Program Files (x86)\PICC\Drivers\usb_desc_cdc.h
 1103     0   0  ..\..\..\..\..\Program Files (x86)\PICC\Drivers\usb.h
 1177   237  22  ..\..\..\..\..\Program Files (x86)\PICC\Drivers\usb.c
 1406   317  30  ..\..\..\..\..\Program Files (x86)\PICC\Drivers\pic18_usb.c
  423   169  16  ..\..\..\..\..\Program Files (x86)\PICC\Drivers\string.h
   32    44   4  ..\..\..\..\..\Program Files (x86)\PICC\Drivers\stddef.h
   28   109  10  ..\..\..\..\..\Program Files (x86)\PICC\Drivers\ctype.h
----- -----
 6806  1067 Total

Page ROM  %  RAM   Vol Diff  Functions:
---- --- --- ---   --- ----  ----------
0     32   0    0             @const764
0     32   0    0             @const767
0     48   0    0             @const770
0     66   1    0             @const773
0     84   1    0             @const776
0     18   0    0             @const779
0     24   0    0             @const782
0     34   0    0             @const787
0     60   1    0             @const791
0     30   0    5   836  8.0  @MUL1616
0     78   1    4   139  4.3  usb_tbe
0     36   0    1   145  3.2  usb_detach
0     34   0    0   136  2.2  usb_attach
0      6   0    0    16  1.0  usb_init_cs
0     34   0    1   367  5.2  usb_task
0     14   0    0    61  2.5  usb_init
0    268   3    9  1092  5.4  usb_flush_in
0    150   2   10   344  6.1  usb_put_packet
0    242   2    9   914  5.0  usb_flush_out
0     60   1    3    66  2.7  usb_rx_packet_size
0     90   1    6   258  4.6  usb_stall_ep
0     88   1    6   266  4.6  usb_unstall_ep
0    106   1    5   373  6.0  usb_endpoint_stalled
0     22   0    1    94  2.7  usb_set_address
0    482   5   12  1774 10.4  usb_set_configured
0     96   1    5   199  3.2  usb_disable_endpoint
0     22   0    1    99  3.0  usb_disable_endpoints
0      4   0    0    61  4.0  usb_clear_trn
0    114   1    2   662  6.8  usb_isr
0      6   0    0    43  2.0  usb_isr_sof
0     42   0    0   357  4.2  usb_isr_rst
0     32   0    0   508  4.0  usb_init_ep0_setup
0      8   0    0    74  2.8  usb_isr_uerr
0     10   0    0    82  2.8  usb_isr_uidle
0     16   0    0   102  3.3  usb_isr_activity
0     14   0    0   151  3.9  usb_isr_stall
0      6   0    1    30  1.7  usb_request_send_response
0      6   0    0    22  1.2  usb_request_get_data
0      4   0    0    22  1.2  usb_request_stall
0    202   2    2  3362  9.3  usb_isr_tok_dne
0      8   0    0    29  1.9  usb_enumerated
0     44   0    3   273  4.0  usb_token_reset
0     86   1    3   274  5.9  usb_endpoint_is_valid
0     34   0    1   212  3.1  usb_isr_tok_in_dne
0     18   0    1   115  2.5  usb_isr_tok_out_dne
0     50   1    0   375  6.4  usb_isr_tok_setup_dne
0    170   2    0  1454  8.3  usb_isr_tkn_setup_StandardDevice
0    150   2    3   933  7.7  usb_isr_tkn_setup_StandardInterface
0     94   1    0   753  5.8  usb_isr_tkn_setup_StandardEndpoint
0    214   2    1  1088  8.7  usb_Get_Descriptor
0     14   0    0    76  1.8  usb_finish_set_address
0    150   2    4   622  9.1  usb_copy_desc_seg_to_ep
0     90   1    0   401  6.1  usb_isr_tok_out_cdc_control_dne
0    162   2    0  1146  8.3  usb_isr_tkn_cdc
0     24   0    0   174  3.6  usb_isr_tok_out_cdc_data_dne
0      6   0    0    70  0.7  usb_isr_tok_in_cdc_data_dne
0     34   0    0   106  2.9  usb_cdc_flush_tx_buffer
0    112   1    4   280  2.3  usb_cdc_init
0     12   0    0    59  2.3  usb_cdc_get_discard
0     52   1    2   227  5.1  usb_cdc_getc
0     48   0    4   228  4.8  _usb_cdc_putc_fast_noflush
0     24   0    1    52  2.0  usb_cdc_putc_fast
0     20   0    1    80  3.1  usb_cdc_putc
0     12   0    0    37  1.1  usb_connecte
0     12   0    0    37  1.1  usb_deconnecte
0      8   0    0    21  0.9  usb_enumere
0    148   2    1   876  4.8  commande_moteur
0     22   0    0             @const1156
0     32   0    2             @PSTRINGC_657
0     24   0    0             @const1158
0     22   0    0             @const1159
0     24   0    0             @const1160
0     22   0    0             @const1161
0     24   0    0             @const1162
0     86   1    0   259  3.6  MAIN
 Inline         0             @cinit1

Program metrics:
    Functions               59
    Statements              1067
    Comments                5192
    Volume (V)              43198
    Difficulty (D)          250.0
    Effort to implement (E) 10799427
    Time to implement (T)   166 hours, 39 minutes
    Est Delivered Bugs (B)  16
    Cyclomatic Complexity   138
    Maintainability (MI)    135

 Segment     Used  Free
-----------  ----  ----
00000-00002     4  0  
00004-00006     4  0  
00008-00094   142  0  
00096-07FFE  4768  27850  



